0 info it worked if it ends with ok
1 verbose cli [ 'C:\\Program Files\\nodejs\\node.exe',
1 verbose cli   'C:\\Program Files\\nodejs\\node_modules\\npm\\bin\\npm-cli.js',
1 verbose cli   'install',
1 verbose cli   'webworker-threads' ]
2 info using npm@3.10.10
3 info using node@v6.9.4
4 silly loadCurrentTree Starting
5 silly install loadCurrentTree
6 silly install readLocalPackageData
7 silly fetchPackageMetaData webworker-threads
8 silly fetchNamedPackageData webworker-threads
9 silly mapToRegistry name webworker-threads
10 silly mapToRegistry using default registry
11 silly mapToRegistry registry https://registry.npmjs.org/
12 silly mapToRegistry data Result {
12 silly mapToRegistry   raw: 'webworker-threads',
12 silly mapToRegistry   scope: null,
12 silly mapToRegistry   escapedName: 'webworker-threads',
12 silly mapToRegistry   name: 'webworker-threads',
12 silly mapToRegistry   rawSpec: '',
12 silly mapToRegistry   spec: 'latest',
12 silly mapToRegistry   type: 'tag' }
13 silly mapToRegistry uri https://registry.npmjs.org/webworker-threads
14 verbose request uri https://registry.npmjs.org/webworker-threads
15 verbose request no auth needed
16 info attempt registry request try #1 at 08:47:30
17 verbose request id 90f74d972b5dd4ea
18 http request GET https://registry.npmjs.org/webworker-threads
19 http 200 https://registry.npmjs.org/webworker-threads
20 verbose headers { server: 'nginx/1.10.1',
20 verbose headers   'content-type': 'application/json',
20 verbose headers   'last-modified': 'Thu, 16 Feb 2017 02:38:36 GMT',
20 verbose headers   etag: 'W/"58a510ac-20034"',
20 verbose headers   'content-encoding': 'gzip',
20 verbose headers   'cache-control': 'max-age=300',
20 verbose headers   'content-length': '12141',
20 verbose headers   'accept-ranges': 'bytes',
20 verbose headers   date: 'Fri, 17 Feb 2017 07:47:30 GMT',
20 verbose headers   via: '1.1 varnish',
20 verbose headers   age: '0',
20 verbose headers   connection: 'keep-alive',
20 verbose headers   'x-served-by': 'cache-cdg8735-CDG',
20 verbose headers   'x-cache': 'MISS',
20 verbose headers   'x-cache-hits': '0',
20 verbose headers   'x-timer': 'S1487317650.561741,VS0,VE22',
20 verbose headers   vary: 'Accept-Encoding' }
21 silly get cb [ 200,
21 silly get   { server: 'nginx/1.10.1',
21 silly get     'content-type': 'application/json',
21 silly get     'last-modified': 'Thu, 16 Feb 2017 02:38:36 GMT',
21 silly get     etag: 'W/"58a510ac-20034"',
21 silly get     'content-encoding': 'gzip',
21 silly get     'cache-control': 'max-age=300',
21 silly get     'content-length': '12141',
21 silly get     'accept-ranges': 'bytes',
21 silly get     date: 'Fri, 17 Feb 2017 07:47:30 GMT',
21 silly get     via: '1.1 varnish',
21 silly get     age: '0',
21 silly get     connection: 'keep-alive',
21 silly get     'x-served-by': 'cache-cdg8735-CDG',
21 silly get     'x-cache': 'MISS',
21 silly get     'x-cache-hits': '0',
21 silly get     'x-timer': 'S1487317650.561741,VS0,VE22',
21 silly get     vary: 'Accept-Encoding' } ]
22 verbose get saving webworker-threads to C:\Users\user\AppData\Roaming\npm-cache\registry.npmjs.org\webworker-threads\.cache.json
23 verbose correctMkdir C:\Users\user\AppData\Roaming\npm-cache correctMkdir not in flight; initializing
24 silly install normalizeTree
25 silly loadCurrentTree Finishing
26 silly loadIdealTree Starting
27 silly install loadIdealTree
28 silly cloneCurrentTree Starting
29 silly install cloneCurrentTreeToIdealTree
30 silly cloneCurrentTree Finishing
31 silly loadShrinkwrap Starting
32 silly install loadShrinkwrap
33 silly loadShrinkwrap Finishing
34 silly loadAllDepsIntoIdealTree Starting
35 silly install loadAllDepsIntoIdealTree
36 silly resolveWithNewModule webworker-threads@0.7.11 checking installable status
37 silly cache add args [ 'webworker-threads', null ]
38 verbose cache add spec webworker-threads
39 silly cache add parsed spec Result {
39 silly cache add   raw: 'webworker-threads',
39 silly cache add   scope: null,
39 silly cache add   escapedName: 'webworker-threads',
39 silly cache add   name: 'webworker-threads',
39 silly cache add   rawSpec: '',
39 silly cache add   spec: 'latest',
39 silly cache add   type: 'tag' }
40 silly addNamed webworker-threads@latest
41 verbose addNamed "latest" is being treated as a dist-tag for webworker-threads
42 info addNameTag [ 'webworker-threads', 'latest' ]
43 silly mapToRegistry name webworker-threads
44 silly mapToRegistry using default registry
45 silly mapToRegistry registry https://registry.npmjs.org/
46 silly mapToRegistry data Result {
46 silly mapToRegistry   raw: 'webworker-threads',
46 silly mapToRegistry   scope: null,
46 silly mapToRegistry   escapedName: 'webworker-threads',
46 silly mapToRegistry   name: 'webworker-threads',
46 silly mapToRegistry   rawSpec: '',
46 silly mapToRegistry   spec: 'latest',
46 silly mapToRegistry   type: 'tag' }
47 silly mapToRegistry uri https://registry.npmjs.org/webworker-threads
48 verbose addNameTag registry:https://registry.npmjs.org/webworker-threads not in flight; fetching
49 verbose get https://registry.npmjs.org/webworker-threads not expired, no request
50 silly addNameTag next cb for webworker-threads with tag latest
51 silly addNamed webworker-threads@0.7.11
52 verbose addNamed "0.7.11" is a plain semver version for webworker-threads
53 silly mapToRegistry name webworker-threads
54 silly mapToRegistry using default registry
55 silly mapToRegistry registry https://registry.npmjs.org/
56 silly mapToRegistry data Result {
56 silly mapToRegistry   raw: 'webworker-threads',
56 silly mapToRegistry   scope: null,
56 silly mapToRegistry   escapedName: 'webworker-threads',
56 silly mapToRegistry   name: 'webworker-threads',
56 silly mapToRegistry   rawSpec: '',
56 silly mapToRegistry   spec: 'latest',
56 silly mapToRegistry   type: 'tag' }
57 silly mapToRegistry uri https://registry.npmjs.org/webworker-threads
58 verbose addRemoteTarball https://registry.npmjs.org/webworker-threads/-/webworker-threads-0.7.11.tgz not in flight; adding
59 verbose addRemoteTarball [ 'https://registry.npmjs.org/webworker-threads/-/webworker-threads-0.7.11.tgz',
59 verbose addRemoteTarball   '9d54dfaa8d5ea3308833084680636b584a8aacaa' ]
60 info retry fetch attempt 1 at 08:47:31
61 info attempt registry request try #1 at 08:47:31
62 http fetch GET https://registry.npmjs.org/webworker-threads/-/webworker-threads-0.7.11.tgz
63 http fetch 200 https://registry.npmjs.org/webworker-threads/-/webworker-threads-0.7.11.tgz
64 silly fetchAndShaCheck shasum 9d54dfaa8d5ea3308833084680636b584a8aacaa
65 verbose addTmpTarball c:\temp\npm-868-e704afb3\registry.npmjs.org\webworker-threads\-\webworker-threads-0.7.11.tgz not in flight; adding
66 verbose addTmpTarball already have metadata; skipping unpack for webworker-threads@0.7.11
67 verbose correctMkdir C:\Users\user\AppData\Roaming\npm-cache correctMkdir not in flight; initializing
68 silly cache afterAdd webworker-threads@0.7.11
69 verbose afterAdd C:\Users\user\AppData\Roaming\npm-cache\webworker-threads\0.7.11\package\package.json not in flight; writing
70 verbose correctMkdir C:\Users\user\AppData\Roaming\npm-cache correctMkdir not in flight; initializing
71 verbose afterAdd C:\Users\user\AppData\Roaming\npm-cache\webworker-threads\0.7.11\package\package.json written
72 silly fetchNamedPackageData bindings
73 silly mapToRegistry name bindings
74 silly mapToRegistry using default registry
75 silly mapToRegistry registry https://registry.npmjs.org/
76 silly mapToRegistry data Result {
76 silly mapToRegistry   raw: 'bindings',
76 silly mapToRegistry   scope: null,
76 silly mapToRegistry   escapedName: 'bindings',
76 silly mapToRegistry   name: 'bindings',
76 silly mapToRegistry   rawSpec: '',
76 silly mapToRegistry   spec: 'latest',
76 silly mapToRegistry   type: 'tag' }
77 silly mapToRegistry uri https://registry.npmjs.org/bindings
78 silly fetchNamedPackageData nan
79 silly mapToRegistry name nan
80 silly mapToRegistry using default registry
81 silly mapToRegistry registry https://registry.npmjs.org/
82 silly mapToRegistry data Result {
82 silly mapToRegistry   raw: 'nan',
82 silly mapToRegistry   scope: null,
82 silly mapToRegistry   escapedName: 'nan',
82 silly mapToRegistry   name: 'nan',
82 silly mapToRegistry   rawSpec: '',
82 silly mapToRegistry   spec: 'latest',
82 silly mapToRegistry   type: 'tag' }
83 silly mapToRegistry uri https://registry.npmjs.org/nan
84 verbose request uri https://registry.npmjs.org/bindings
85 verbose request no auth needed
86 info attempt registry request try #1 at 08:47:31
87 http request GET https://registry.npmjs.org/bindings
88 verbose request uri https://registry.npmjs.org/nan
89 verbose request no auth needed
90 info attempt registry request try #1 at 08:47:31
91 http request GET https://registry.npmjs.org/nan
92 http 200 https://registry.npmjs.org/bindings
93 verbose headers { server: 'nginx/1.10.1',
93 verbose headers   'content-type': 'application/json',
93 verbose headers   'last-modified': 'Tue, 18 Oct 2016 15:54:59 GMT',
93 verbose headers   etag: 'W/"580645d3-46f7"',
93 verbose headers   'content-encoding': 'gzip',
93 verbose headers   'cache-control': 'max-age=300',
93 verbose headers   'content-length': '3493',
93 verbose headers   'accept-ranges': 'bytes',
93 verbose headers   date: 'Fri, 17 Feb 2017 07:47:31 GMT',
93 verbose headers   via: '1.1 varnish',
93 verbose headers   age: '126',
93 verbose headers   connection: 'keep-alive',
93 verbose headers   'x-served-by': 'cache-cdg8735-CDG',
93 verbose headers   'x-cache': 'HIT',
93 verbose headers   'x-cache-hits': '1',
93 verbose headers   'x-timer': 'S1487317651.054831,VS0,VE0',
93 verbose headers   vary: 'Accept-Encoding' }
94 silly get cb [ 200,
94 silly get   { server: 'nginx/1.10.1',
94 silly get     'content-type': 'application/json',
94 silly get     'last-modified': 'Tue, 18 Oct 2016 15:54:59 GMT',
94 silly get     etag: 'W/"580645d3-46f7"',
94 silly get     'content-encoding': 'gzip',
94 silly get     'cache-control': 'max-age=300',
94 silly get     'content-length': '3493',
94 silly get     'accept-ranges': 'bytes',
94 silly get     date: 'Fri, 17 Feb 2017 07:47:31 GMT',
94 silly get     via: '1.1 varnish',
94 silly get     age: '126',
94 silly get     connection: 'keep-alive',
94 silly get     'x-served-by': 'cache-cdg8735-CDG',
94 silly get     'x-cache': 'HIT',
94 silly get     'x-cache-hits': '1',
94 silly get     'x-timer': 'S1487317651.054831,VS0,VE0',
94 silly get     vary: 'Accept-Encoding' } ]
95 verbose get saving bindings to C:\Users\user\AppData\Roaming\npm-cache\registry.npmjs.org\bindings\.cache.json
96 verbose correctMkdir C:\Users\user\AppData\Roaming\npm-cache correctMkdir not in flight; initializing
97 silly resolveWithNewModule bindings@1.2.1 checking installable status
98 silly cache add args [ 'bindings@^1.2.1', null ]
99 verbose cache add spec bindings@^1.2.1
100 silly cache add parsed spec Result {
100 silly cache add   raw: 'bindings@^1.2.1',
100 silly cache add   scope: null,
100 silly cache add   escapedName: 'bindings',
100 silly cache add   name: 'bindings',
100 silly cache add   rawSpec: '^1.2.1',
100 silly cache add   spec: '>=1.2.1 <2.0.0',
100 silly cache add   type: 'range' }
101 silly addNamed bindings@>=1.2.1 <2.0.0
102 verbose addNamed ">=1.2.1 <2.0.0" is a valid semver range for bindings
103 silly addNameRange { name: 'bindings', range: '>=1.2.1 <2.0.0', hasData: false }
104 silly mapToRegistry name bindings
105 silly mapToRegistry using default registry
106 silly mapToRegistry registry https://registry.npmjs.org/
107 silly mapToRegistry data Result {
107 silly mapToRegistry   raw: 'bindings',
107 silly mapToRegistry   scope: null,
107 silly mapToRegistry   escapedName: 'bindings',
107 silly mapToRegistry   name: 'bindings',
107 silly mapToRegistry   rawSpec: '',
107 silly mapToRegistry   spec: 'latest',
107 silly mapToRegistry   type: 'tag' }
108 silly mapToRegistry uri https://registry.npmjs.org/bindings
109 verbose addNameRange registry:https://registry.npmjs.org/bindings not in flight; fetching
110 verbose get https://registry.npmjs.org/bindings not expired, no request
111 silly addNameRange number 2 { name: 'bindings', range: '>=1.2.1 <2.0.0', hasData: true }
112 silly addNameRange versions [ 'bindings',
112 silly addNameRange   [ '0.0.1',
112 silly addNameRange     '0.1.0',
112 silly addNameRange     '0.1.1',
112 silly addNameRange     '0.2.0',
112 silly addNameRange     '0.2.1',
112 silly addNameRange     '0.2.2',
112 silly addNameRange     '0.2.3',
112 silly addNameRange     '0.2.4',
112 silly addNameRange     '0.3.0',
112 silly addNameRange     '0.4.0',
112 silly addNameRange     '1.0.0',
112 silly addNameRange     '1.1.0',
112 silly addNameRange     '1.1.1',
112 silly addNameRange     '1.2.0',
112 silly addNameRange     '1.2.1' ] ]
113 silly addNamed bindings@1.2.1
114 verbose addNamed "1.2.1" is a plain semver version for bindings
115 silly mapToRegistry name bindings
116 silly mapToRegistry using default registry
117 silly mapToRegistry registry https://registry.npmjs.org/
118 silly mapToRegistry data Result {
118 silly mapToRegistry   raw: 'bindings',
118 silly mapToRegistry   scope: null,
118 silly mapToRegistry   escapedName: 'bindings',
118 silly mapToRegistry   name: 'bindings',
118 silly mapToRegistry   rawSpec: '',
118 silly mapToRegistry   spec: 'latest',
118 silly mapToRegistry   type: 'tag' }
119 silly mapToRegistry uri https://registry.npmjs.org/bindings
120 verbose addRemoteTarball https://registry.npmjs.org/bindings/-/bindings-1.2.1.tgz not in flight; adding
121 verbose addRemoteTarball [ 'https://registry.npmjs.org/bindings/-/bindings-1.2.1.tgz',
121 verbose addRemoteTarball   '14ad6113812d2d37d72e67b4cacb4bb726505f11' ]
122 info retry fetch attempt 1 at 08:47:31
123 info attempt registry request try #1 at 08:47:31
124 http fetch GET https://registry.npmjs.org/bindings/-/bindings-1.2.1.tgz
125 http 200 https://registry.npmjs.org/nan
126 verbose headers { server: 'nginx/1.10.1',
126 verbose headers   'content-type': 'application/json',
126 verbose headers   'last-modified': 'Wed, 15 Feb 2017 12:36:59 GMT',
126 verbose headers   etag: 'W/"58a44b6b-1df62"',
126 verbose headers   'content-encoding': 'gzip',
126 verbose headers   'cache-control': 'max-age=300',
126 verbose headers   'content-length': '14430',
126 verbose headers   'accept-ranges': 'bytes',
126 verbose headers   date: 'Fri, 17 Feb 2017 07:47:31 GMT',
126 verbose headers   via: '1.1 varnish',
126 verbose headers   age: '193',
126 verbose headers   connection: 'keep-alive',
126 verbose headers   'x-served-by': 'cache-cdg8722-CDG',
126 verbose headers   'x-cache': 'HIT',
126 verbose headers   'x-cache-hits': '4',
126 verbose headers   'x-timer': 'S1487317651.124029,VS0,VE0',
126 verbose headers   vary: 'Accept-Encoding' }
127 silly get cb [ 200,
127 silly get   { server: 'nginx/1.10.1',
127 silly get     'content-type': 'application/json',
127 silly get     'last-modified': 'Wed, 15 Feb 2017 12:36:59 GMT',
127 silly get     etag: 'W/"58a44b6b-1df62"',
127 silly get     'content-encoding': 'gzip',
127 silly get     'cache-control': 'max-age=300',
127 silly get     'content-length': '14430',
127 silly get     'accept-ranges': 'bytes',
127 silly get     date: 'Fri, 17 Feb 2017 07:47:31 GMT',
127 silly get     via: '1.1 varnish',
127 silly get     age: '193',
127 silly get     connection: 'keep-alive',
127 silly get     'x-served-by': 'cache-cdg8722-CDG',
127 silly get     'x-cache': 'HIT',
127 silly get     'x-cache-hits': '4',
127 silly get     'x-timer': 'S1487317651.124029,VS0,VE0',
127 silly get     vary: 'Accept-Encoding' } ]
128 verbose get saving nan to C:\Users\user\AppData\Roaming\npm-cache\registry.npmjs.org\nan\.cache.json
129 verbose correctMkdir C:\Users\user\AppData\Roaming\npm-cache correctMkdir not in flight; initializing
130 silly resolveWithNewModule nan@2.5.1 checking installable status
131 silly cache add args [ 'nan@^2.4.0', null ]
132 verbose cache add spec nan@^2.4.0
133 silly cache add parsed spec Result {
133 silly cache add   raw: 'nan@^2.4.0',
133 silly cache add   scope: null,
133 silly cache add   escapedName: 'nan',
133 silly cache add   name: 'nan',
133 silly cache add   rawSpec: '^2.4.0',
133 silly cache add   spec: '>=2.4.0 <3.0.0',
133 silly cache add   type: 'range' }
134 silly addNamed nan@>=2.4.0 <3.0.0
135 verbose addNamed ">=2.4.0 <3.0.0" is a valid semver range for nan
136 silly addNameRange { name: 'nan', range: '>=2.4.0 <3.0.0', hasData: false }
137 silly mapToRegistry name nan
138 silly mapToRegistry using default registry
139 silly mapToRegistry registry https://registry.npmjs.org/
140 silly mapToRegistry data Result {
140 silly mapToRegistry   raw: 'nan',
140 silly mapToRegistry   scope: null,
140 silly mapToRegistry   escapedName: 'nan',
140 silly mapToRegistry   name: 'nan',
140 silly mapToRegistry   rawSpec: '',
140 silly mapToRegistry   spec: 'latest',
140 silly mapToRegistry   type: 'tag' }
141 silly mapToRegistry uri https://registry.npmjs.org/nan
142 verbose addNameRange registry:https://registry.npmjs.org/nan not in flight; fetching
143 verbose get https://registry.npmjs.org/nan not expired, no request
144 silly addNameRange number 2 { name: 'nan', range: '>=2.4.0 <3.0.0', hasData: true }
145 silly addNameRange versions [ 'nan',
145 silly addNameRange   [ '0.3.0-wip',
145 silly addNameRange     '0.3.0-wip2',
145 silly addNameRange     '0.3.0',
145 silly addNameRange     '0.3.1',
145 silly addNameRange     '0.3.2',
145 silly addNameRange     '0.4.0',
145 silly addNameRange     '0.4.1',
145 silly addNameRange     '0.4.2',
145 silly addNameRange     '0.4.3',
145 silly addNameRange     '0.4.4',
145 silly addNameRange     '0.5.0',
145 silly addNameRange     '0.5.1',
145 silly addNameRange     '0.5.2',
145 silly addNameRange     '0.6.0',
145 silly addNameRange     '0.7.0',
145 silly addNameRange     '0.7.1',
145 silly addNameRange     '0.8.0',
145 silly addNameRange     '1.0.0',
145 silly addNameRange     '1.1.0',
145 silly addNameRange     '1.1.1',
145 silly addNameRange     '1.1.2',
145 silly addNameRange     '1.2.0',
145 silly addNameRange     '1.3.0',
145 silly addNameRange     '1.4.0',
145 silly addNameRange     '1.4.1',
145 silly addNameRange     '1.5.0',
145 silly addNameRange     '1.4.2',
145 silly addNameRange     '1.4.3',
145 silly addNameRange     '1.5.1',
145 silly addNameRange     '1.5.2',
145 silly addNameRange     '1.6.0',
145 silly addNameRange     '1.5.3',
145 silly addNameRange     '1.6.1',
145 silly addNameRange     '1.6.2',
145 silly addNameRange     '1.7.0',
145 silly addNameRange     '1.8.0',
145 silly addNameRange     '1.8.1',
145 silly addNameRange     '1.8.2',
145 silly addNameRange     '1.8.3',
145 silly addNameRange     '1.8.4',
145 silly addNameRange     '1.9.0',
145 silly addNameRange     '2.0.0',
145 silly addNameRange     '2.0.1',
145 silly addNameRange     '2.0.2',
145 silly addNameRange     '2.0.3',
145 silly addNameRange     '2.0.4',
145 silly addNameRange     '2.0.5',
145 silly addNameRange     '2.0.6',
145 silly addNameRange     '2.0.7',
145 silly addNameRange     '2.0.8',
145 silly addNameRange     '2.0.9',
145 silly addNameRange     '2.1.0',
145 silly addNameRange     '2.2.0',
145 silly addNameRange     '2.2.1',
145 silly addNameRange     '2.3.0',
145 silly addNameRange     '2.3.1',
145 silly addNameRange     '2.3.2',
145 silly addNameRange     '2.3.3',
145 silly addNameRange     '2.3.4',
145 silly addNameRange     '2.3.5',
145 silly addNameRange     '2.4.0',
145 silly addNameRange     '2.5.0',
145 silly addNameRange     '2.5.1' ] ]
146 silly addNamed nan@2.5.1
147 verbose addNamed "2.5.1" is a plain semver version for nan
148 silly mapToRegistry name nan
149 silly mapToRegistry using default registry
150 silly mapToRegistry registry https://registry.npmjs.org/
151 silly mapToRegistry data Result {
151 silly mapToRegistry   raw: 'nan',
151 silly mapToRegistry   scope: null,
151 silly mapToRegistry   escapedName: 'nan',
151 silly mapToRegistry   name: 'nan',
151 silly mapToRegistry   rawSpec: '',
151 silly mapToRegistry   spec: 'latest',
151 silly mapToRegistry   type: 'tag' }
152 silly mapToRegistry uri https://registry.npmjs.org/nan
153 verbose addRemoteTarball https://registry.npmjs.org/nan/-/nan-2.5.1.tgz not in flight; adding
154 verbose addRemoteTarball [ 'https://registry.npmjs.org/nan/-/nan-2.5.1.tgz',
154 verbose addRemoteTarball   'd5b01691253326a97a2bbee9e61c55d8d60351e2' ]
155 info retry fetch attempt 1 at 08:47:31
156 info attempt registry request try #1 at 08:47:31
157 http fetch GET https://registry.npmjs.org/nan/-/nan-2.5.1.tgz
158 http fetch 200 https://registry.npmjs.org/nan/-/nan-2.5.1.tgz
159 silly fetchAndShaCheck shasum d5b01691253326a97a2bbee9e61c55d8d60351e2
160 verbose addTmpTarball c:\temp\npm-868-e704afb3\registry.npmjs.org\nan\-\nan-2.5.1.tgz not in flight; adding
161 verbose addTmpTarball already have metadata; skipping unpack for nan@2.5.1
162 verbose correctMkdir C:\Users\user\AppData\Roaming\npm-cache correctMkdir not in flight; initializing
163 silly cache afterAdd nan@2.5.1
164 verbose afterAdd C:\Users\user\AppData\Roaming\npm-cache\nan\2.5.1\package\package.json not in flight; writing
165 verbose correctMkdir C:\Users\user\AppData\Roaming\npm-cache correctMkdir not in flight; initializing
166 verbose afterAdd C:\Users\user\AppData\Roaming\npm-cache\nan\2.5.1\package\package.json written
167 http fetch 200 https://registry.npmjs.org/bindings/-/bindings-1.2.1.tgz
168 silly fetchAndShaCheck shasum 14ad6113812d2d37d72e67b4cacb4bb726505f11
169 verbose addTmpTarball c:\temp\npm-868-e704afb3\registry.npmjs.org\bindings\-\bindings-1.2.1.tgz not in flight; adding
170 verbose addTmpTarball already have metadata; skipping unpack for bindings@1.2.1
171 verbose correctMkdir C:\Users\user\AppData\Roaming\npm-cache correctMkdir not in flight; initializing
172 silly cache afterAdd bindings@1.2.1
173 verbose afterAdd C:\Users\user\AppData\Roaming\npm-cache\bindings\1.2.1\package\package.json not in flight; writing
174 verbose correctMkdir C:\Users\user\AppData\Roaming\npm-cache correctMkdir not in flight; initializing
175 verbose afterAdd C:\Users\user\AppData\Roaming\npm-cache\bindings\1.2.1\package\package.json written
176 silly loadAllDepsIntoIdealTree Finishing
177 silly loadIdealTree Finishing
178 silly currentTree server@1.0.0
178 silly currentTree +-- firebase@3.6.9
178 silly currentTree | +-- base64-url@1.3.3
178 silly currentTree | +-- base64url@2.0.0
178 silly currentTree | +-- buffer-equal-constant-time@1.0.1
178 silly currentTree | +-- dom-storage@2.0.2
178 silly currentTree | +-- ecdsa-sig-formatter@1.0.7
178 silly currentTree | +-- faye-websocket@0.9.3
178 silly currentTree | +-- hoek@2.16.3
178 silly currentTree | +-- isemail@1.2.0
178 silly currentTree | +-- joi@6.10.1
178 silly currentTree | +-- jsonwebtoken@7.1.9
178 silly currentTree | +-- jwa@1.1.4
178 silly currentTree | +-- jws@3.1.4
178 silly currentTree | +-- lodash.once@4.1.1
178 silly currentTree | +-- moment@2.16.0
178 silly currentTree | +-- ms@0.7.2
178 silly currentTree | +-- rsvp@3.2.1
178 silly currentTree | +-- safe-buffer@5.0.1
178 silly currentTree | +-- topo@1.1.0
178 silly currentTree | +-- websocket-driver@0.6.5
178 silly currentTree | +-- websocket-extensions@0.1.1
178 silly currentTree | +-- xmlhttprequest@1.8.0
178 silly currentTree | `-- xtend@4.0.1
178 silly currentTree +-- geolib@2.0.22
178 silly currentTree `-- nearest-neighbor@0.0.3
179 silly idealTree server@1.0.0
179 silly idealTree +-- bindings@1.2.1
179 silly idealTree +-- firebase@3.6.9
179 silly idealTree | +-- base64-url@1.3.3
179 silly idealTree | +-- base64url@2.0.0
179 silly idealTree | +-- buffer-equal-constant-time@1.0.1
179 silly idealTree | +-- dom-storage@2.0.2
179 silly idealTree | +-- ecdsa-sig-formatter@1.0.7
179 silly idealTree | +-- faye-websocket@0.9.3
179 silly idealTree | +-- hoek@2.16.3
179 silly idealTree | +-- isemail@1.2.0
179 silly idealTree | +-- joi@6.10.1
179 silly idealTree | +-- jsonwebtoken@7.1.9
179 silly idealTree | +-- jwa@1.1.4
179 silly idealTree | +-- jws@3.1.4
179 silly idealTree | +-- lodash.once@4.1.1
179 silly idealTree | +-- moment@2.16.0
179 silly idealTree | +-- ms@0.7.2
179 silly idealTree | +-- rsvp@3.2.1
179 silly idealTree | +-- safe-buffer@5.0.1
179 silly idealTree | +-- topo@1.1.0
179 silly idealTree | +-- websocket-driver@0.6.5
179 silly idealTree | +-- websocket-extensions@0.1.1
179 silly idealTree | +-- xmlhttprequest@1.8.0
179 silly idealTree | `-- xtend@4.0.1
179 silly idealTree +-- geolib@2.0.22
179 silly idealTree +-- nan@2.5.1
179 silly idealTree +-- nearest-neighbor@0.0.3
179 silly idealTree `-- webworker-threads@0.7.11
180 silly generateActionsToTake Starting
181 silly install generateActionsToTake
182 silly generateActionsToTake Finishing
183 silly diffTrees action count 3
184 silly diffTrees add bindings@1.2.1
185 silly diffTrees add nan@2.5.1
186 silly diffTrees add webworker-threads@0.7.11
187 silly decomposeActions action count 24
188 silly decomposeActions fetch bindings@1.2.1
189 silly decomposeActions extract bindings@1.2.1
190 silly decomposeActions test bindings@1.2.1
191 silly decomposeActions preinstall bindings@1.2.1
192 silly decomposeActions build bindings@1.2.1
193 silly decomposeActions install bindings@1.2.1
194 silly decomposeActions postinstall bindings@1.2.1
195 silly decomposeActions finalize bindings@1.2.1
196 silly decomposeActions fetch nan@2.5.1
197 silly decomposeActions extract nan@2.5.1
198 silly decomposeActions test nan@2.5.1
199 silly decomposeActions preinstall nan@2.5.1
200 silly decomposeActions build nan@2.5.1
201 silly decomposeActions install nan@2.5.1
202 silly decomposeActions postinstall nan@2.5.1
203 silly decomposeActions finalize nan@2.5.1
204 silly decomposeActions fetch webworker-threads@0.7.11
205 silly decomposeActions extract webworker-threads@0.7.11
206 silly decomposeActions test webworker-threads@0.7.11
207 silly decomposeActions preinstall webworker-threads@0.7.11
208 silly decomposeActions build webworker-threads@0.7.11
209 silly decomposeActions install webworker-threads@0.7.11
210 silly decomposeActions postinstall webworker-threads@0.7.11
211 silly decomposeActions finalize webworker-threads@0.7.11
212 silly runTopLevelLifecycles Starting
213 silly executeActions Starting
214 silly install executeActions
215 silly doSerial global-install 0
216 silly doParallel fetch 3
217 verbose correctMkdir C:\Users\user\AppData\Roaming\npm-cache\_locks correctMkdir not in flight; initializing
218 verbose lock using C:\Users\user\AppData\Roaming\npm-cache\_locks\staging-79b63674d3d32439.lock for G:\Master2\ELIM\Server\node_modules\.staging
219 silly doParallel extract 3
220 silly extract bindings@1.2.1
221 silly extract nan@2.5.1
222 silly extract webworker-threads@0.7.11
223 verbose unbuild node_modules\.staging\bindings-6c5a73a8
224 verbose unbuild node_modules\.staging\nan-8ffbad7d
225 verbose unbuild node_modules\.staging\webworker-threads-63b986b2
226 silly gentlyRm G:\Master2\ELIM\Server\node_modules\.staging\bindings-6c5a73a8 is being purged from base G:\Master2\ELIM\Server
227 verbose gentlyRm don't care about contents; nuking G:\Master2\ELIM\Server\node_modules\.staging\bindings-6c5a73a8
228 silly gentlyRm G:\Master2\ELIM\Server\node_modules\.staging\nan-8ffbad7d is being purged from base G:\Master2\ELIM\Server
229 verbose gentlyRm don't care about contents; nuking G:\Master2\ELIM\Server\node_modules\.staging\nan-8ffbad7d
230 verbose tar unpack C:\Users\user\AppData\Roaming\npm-cache\bindings\1.2.1\package.tgz
231 verbose tar unpacking to G:\Master2\ELIM\Server\node_modules\.staging\bindings-6c5a73a8
232 silly gentlyRm G:\Master2\ELIM\Server\node_modules\.staging\bindings-6c5a73a8 is being purged
233 verbose gentlyRm don't care about contents; nuking G:\Master2\ELIM\Server\node_modules\.staging\bindings-6c5a73a8
234 silly gentlyRm G:\Master2\ELIM\Server\node_modules\.staging\webworker-threads-63b986b2 is being purged from base G:\Master2\ELIM\Server
235 verbose gentlyRm don't care about contents; nuking G:\Master2\ELIM\Server\node_modules\.staging\webworker-threads-63b986b2
236 verbose tar unpack C:\Users\user\AppData\Roaming\npm-cache\nan\2.5.1\package.tgz
237 verbose tar unpacking to G:\Master2\ELIM\Server\node_modules\.staging\nan-8ffbad7d
238 silly gentlyRm G:\Master2\ELIM\Server\node_modules\.staging\nan-8ffbad7d is being purged
239 verbose gentlyRm don't care about contents; nuking G:\Master2\ELIM\Server\node_modules\.staging\nan-8ffbad7d
240 silly gunzTarPerm modes [ '777', '666' ]
241 verbose tar unpack C:\Users\user\AppData\Roaming\npm-cache\webworker-threads\0.7.11\package.tgz
242 verbose tar unpacking to G:\Master2\ELIM\Server\node_modules\.staging\webworker-threads-63b986b2
243 silly gentlyRm G:\Master2\ELIM\Server\node_modules\.staging\webworker-threads-63b986b2 is being purged
244 verbose gentlyRm don't care about contents; nuking G:\Master2\ELIM\Server\node_modules\.staging\webworker-threads-63b986b2
245 silly gunzTarPerm modes [ '777', '666' ]
246 silly gunzTarPerm modes [ '777', '666' ]
247 silly gunzTarPerm extractEntry package.json
248 silly gunzTarPerm modified mode [ 'package.json', 420, 438 ]
249 silly gunzTarPerm extractEntry package.json
250 silly gunzTarPerm modified mode [ 'package.json', 436, 438 ]
251 silly gunzTarPerm extractEntry package.json
252 silly gunzTarPerm modified mode [ 'package.json', 436, 438 ]
253 silly gunzTarPerm extractEntry README.md
254 silly gunzTarPerm modified mode [ 'README.md', 420, 438 ]
255 silly gunzTarPerm extractEntry bindings.js
256 silly gunzTarPerm modified mode [ 'bindings.js', 420, 438 ]
257 silly gunzTarPerm extractEntry README.md
258 silly gunzTarPerm modified mode [ 'README.md', 436, 438 ]
259 silly gunzTarPerm extractEntry include_dirs.js
260 silly gunzTarPerm modified mode [ 'include_dirs.js', 436, 438 ]
261 silly gunzTarPerm extractEntry .npmignore
262 silly gunzTarPerm modified mode [ '.npmignore', 420, 438 ]
263 silly gunzTarPerm extractEntry README.md
264 silly gunzTarPerm modified mode [ 'README.md', 436, 438 ]
265 silly gunzTarPerm extractEntry nan_converters.h
266 silly gunzTarPerm modified mode [ 'nan_converters.h', 436, 438 ]
267 silly gunzTarPerm extractEntry CHANGELOG.md
268 silly gunzTarPerm modified mode [ 'CHANGELOG.md', 436, 438 ]
269 silly gunzTarPerm extractEntry LICENSE.md
270 silly gunzTarPerm modified mode [ 'LICENSE.md', 436, 438 ]
271 silly gunzTarPerm extractEntry LICENSE
272 silly gunzTarPerm modified mode [ 'LICENSE', 420, 438 ]
273 silly gunzTarPerm extractEntry doc/node_misc.md
274 silly gunzTarPerm modified mode [ 'doc/node_misc.md', 436, 438 ]
275 silly gunzTarPerm extractEntry index.js
276 silly gunzTarPerm modified mode [ 'index.js', 420, 438 ]
277 silly gunzTarPerm extractEntry test-package.js
278 silly gunzTarPerm modified mode [ 'test-package.js', 436, 438 ]
279 silly gunzTarPerm extractEntry test.js
280 silly gunzTarPerm modified mode [ 'test.js', 420, 438 ]
281 silly gunzTarPerm extractEntry deps/minifier/bin/.keep
282 silly gunzTarPerm modified mode [ 'deps/minifier/bin/.keep', 436, 438 ]
283 silly gunzTarPerm extractEntry doc/asyncworker.md
284 silly gunzTarPerm modified mode [ 'doc/asyncworker.md', 436, 438 ]
285 silly gunzTarPerm extractEntry doc/callback.md
286 silly gunzTarPerm modified mode [ 'doc/callback.md', 436, 438 ]
287 silly gentlyRm G:\Master2\ELIM\Server\node_modules\.staging\bindings-6c5a73a8\node_modules is being purged
288 verbose gentlyRm don't care about contents; nuking G:\Master2\ELIM\Server\node_modules\.staging\bindings-6c5a73a8\node_modules
289 silly gunzTarPerm extractEntry doc/converters.md
290 silly gunzTarPerm modified mode [ 'doc/converters.md', 436, 438 ]
291 silly gunzTarPerm extractEntry doc/errors.md
292 silly gunzTarPerm modified mode [ 'doc/errors.md', 436, 438 ]
293 silly gunzTarPerm extractEntry doc/maybe_types.md
294 silly gunzTarPerm modified mode [ 'doc/maybe_types.md', 436, 438 ]
295 silly gunzTarPerm extractEntry doc/methods.md
296 silly gunzTarPerm modified mode [ 'doc/methods.md', 436, 438 ]
297 silly gunzTarPerm extractEntry doc/new.md
298 silly gunzTarPerm modified mode [ 'doc/new.md', 436, 438 ]
299 silly gunzTarPerm extractEntry deps/minifier/src/minify.c
300 silly gunzTarPerm modified mode [ 'deps/minifier/src/minify.c', 420, 438 ]
301 silly gunzTarPerm extractEntry deps/minifier/src/test
302 silly gunzTarPerm modified mode [ 'deps/minifier/src/test', 493, 511 ]
303 silly gunzTarPerm extractEntry doc/buffers.md
304 silly gunzTarPerm modified mode [ 'doc/buffers.md', 436, 438 ]
305 silly gunzTarPerm extractEntry doc/object_wrappers.md
306 silly gunzTarPerm modified mode [ 'doc/object_wrappers.md', 436, 438 ]
307 silly gunzTarPerm extractEntry doc/persistent.md
308 silly gunzTarPerm modified mode [ 'doc/persistent.md', 436, 438 ]
309 silly gunzTarPerm extractEntry doc/scopes.md
310 silly gunzTarPerm modified mode [ 'doc/scopes.md', 436, 438 ]
311 silly gunzTarPerm extractEntry doc/script.md
312 silly gunzTarPerm modified mode [ 'doc/script.md', 436, 438 ]
313 silly gunzTarPerm extractEntry doc/string_bytes.md
314 silly gunzTarPerm modified mode [ 'doc/string_bytes.md', 436, 438 ]
315 silly gunzTarPerm extractEntry doc/v8_internals.md
316 silly gunzTarPerm modified mode [ 'doc/v8_internals.md', 436, 438 ]
317 silly gunzTarPerm extractEntry doc/v8_misc.md
318 silly gunzTarPerm modified mode [ 'doc/v8_misc.md', 436, 438 ]
319 silly gunzTarPerm extractEntry nan.h
320 silly gunzTarPerm modified mode [ 'nan.h', 436, 438 ]
321 silly gunzTarPerm extractEntry nan_callbacks.h
322 silly gunzTarPerm modified mode [ 'nan_callbacks.h', 436, 438 ]
323 silly gunzTarPerm extractEntry deps/minifier/src/test.include.c
324 silly gunzTarPerm modified mode [ 'deps/minifier/src/test.include.c', 420, 438 ]
325 silly gunzTarPerm extractEntry deps/minifier/src/test_minifier.c
326 silly gunzTarPerm modified mode [ 'deps/minifier/src/test_minifier.c', 420, 438 ]
327 silly gunzTarPerm extractEntry nan_callbacks_12_inl.h
328 silly gunzTarPerm modified mode [ 'nan_callbacks_12_inl.h', 436, 438 ]
329 silly gunzTarPerm extractEntry nan_callbacks_pre_12_inl.h
330 silly gunzTarPerm modified mode [ 'nan_callbacks_pre_12_inl.h', 436, 438 ]
331 silly gunzTarPerm extractEntry TODO.md
332 silly gunzTarPerm modified mode [ 'TODO.md', 420, 438 ]
333 silly gunzTarPerm extractEntry benchmark/b00_fibonacci_server_no_threads.js
334 silly gunzTarPerm modified mode [ 'benchmark/b00_fibonacci_server_no_threads.js', 420, 438 ]
335 silly gunzTarPerm extractEntry nan_converters_43_inl.h
336 silly gunzTarPerm modified mode [ 'nan_converters_43_inl.h', 436, 438 ]
337 silly gunzTarPerm extractEntry nan_converters_pre_43_inl.h
338 silly gunzTarPerm modified mode [ 'nan_converters_pre_43_inl.h', 436, 438 ]
339 silly gunzTarPerm extractEntry nan_implementation_12_inl.h
340 silly gunzTarPerm modified mode [ 'nan_implementation_12_inl.h', 436, 438 ]
341 silly gunzTarPerm extractEntry nan_implementation_pre_12_inl.h
342 silly gunzTarPerm modified mode [ 'nan_implementation_pre_12_inl.h', 436, 438 ]
343 silly gunzTarPerm extractEntry nan_maybe_43_inl.h
344 silly gunzTarPerm modified mode [ 'nan_maybe_43_inl.h', 436, 438 ]
345 silly gunzTarPerm extractEntry nan_maybe_pre_43_inl.h
346 silly gunzTarPerm modified mode [ 'nan_maybe_pre_43_inl.h', 436, 438 ]
347 silly gunzTarPerm extractEntry nan_new.h
348 silly gunzTarPerm modified mode [ 'nan_new.h', 436, 438 ]
349 silly gunzTarPerm extractEntry nan_object_wrap.h
350 silly gunzTarPerm modified mode [ 'nan_object_wrap.h', 436, 438 ]
351 silly gunzTarPerm extractEntry benchmark/b01_fibonacci_server_threads.js
352 silly gunzTarPerm modified mode [ 'benchmark/b01_fibonacci_server_threads.js', 420, 438 ]
353 silly gunzTarPerm extractEntry benchmark/b02_fibonacci_server_threads_pool.js
354 silly gunzTarPerm modified mode [ 'benchmark/b02_fibonacci_server_threads_pool.js', 420, 438 ]
355 silly gunzTarPerm extractEntry nan_persistent_12_inl.h
356 silly gunzTarPerm modified mode [ 'nan_persistent_12_inl.h', 436, 438 ]
357 silly gunzTarPerm extractEntry nan_persistent_pre_12_inl.h
358 silly gunzTarPerm modified mode [ 'nan_persistent_pre_12_inl.h', 436, 438 ]
359 silly gunzTarPerm extractEntry nan_private.h
360 silly gunzTarPerm modified mode [ 'nan_private.h', 436, 438 ]
361 silly gunzTarPerm extractEntry nan_string_bytes.h
362 silly gunzTarPerm modified mode [ 'nan_string_bytes.h', 436, 438 ]
363 silly gunzTarPerm extractEntry benchmark/b03_fibonacci_server_clustered.js
364 silly gunzTarPerm modified mode [ 'benchmark/b03_fibonacci_server_clustered.js', 420, 438 ]
365 silly gunzTarPerm extractEntry benchmark/b04_only_quick.js
366 silly gunzTarPerm modified mode [ 'benchmark/b04_only_quick.js', 420, 438 ]
367 silly gunzTarPerm extractEntry nan_typedarray_contents.h
368 silly gunzTarPerm modified mode [ 'nan_typedarray_contents.h', 436, 438 ]
369 silly gunzTarPerm extractEntry nan_weak.h
370 silly gunzTarPerm modified mode [ 'nan_weak.h', 436, 438 ]
371 silly gunzTarPerm extractEntry benchmark/pi.js
372 silly gunzTarPerm modified mode [ 'benchmark/pi.js', 493, 511 ]
373 silly gunzTarPerm extractEntry benchmark/pi_precompiled.js
374 silly gunzTarPerm modified mode [ 'benchmark/pi_precompiled.js', 420, 438 ]
375 silly gunzTarPerm extractEntry benchmark/doubles.c
376 silly gunzTarPerm modified mode [ 'benchmark/doubles.c', 420, 438 ]
377 silly gunzTarPerm extractEntry benchmark/pi.c
378 silly gunzTarPerm modified mode [ 'benchmark/pi.c', 420, 438 ]
379 silly gunzTarPerm extractEntry tools/package.json
380 silly gunzTarPerm modified mode [ 'tools/package.json', 436, 438 ]
381 silly gunzTarPerm extractEntry tools/README.md
382 silly gunzTarPerm modified mode [ 'tools/README.md', 436, 438 ]
383 silly gunzTarPerm extractEntry tools/1to2.js
384 silly gunzTarPerm modified mode [ 'tools/1to2.js', 509, 511 ]
385 silly gunzTarPerm extractEntry benchmark/pi.rb
386 silly gunzTarPerm modified mode [ 'benchmark/pi.rb', 493, 511 ]
387 silly gunzTarPerm extractEntry binding.gyp
388 silly gunzTarPerm modified mode [ 'binding.gyp', 436, 438 ]
389 silly gunzTarPerm extractEntry examples/demo.js
390 silly gunzTarPerm modified mode [ 'examples/demo.js', 420, 438 ]
391 silly gunzTarPerm extractEntry examples/ex03_ping_pong.js
392 silly gunzTarPerm modified mode [ 'examples/ex03_ping_pong.js', 420, 438 ]
393 silly gunzTarPerm extractEntry examples/quickIntro_multiThread.js
394 silly gunzTarPerm modified mode [ 'examples/quickIntro_multiThread.js', 420, 438 ]
395 silly gunzTarPerm extractEntry examples/ex04_main.js
396 silly gunzTarPerm modified mode [ 'examples/ex04_main.js', 420, 438 ]
397 silly gunzTarPerm extractEntry examples/quickIntro_multiThreadEvented.js
398 silly gunzTarPerm modified mode [ 'examples/quickIntro_multiThreadEvented.js', 420, 438 ]
399 silly gunzTarPerm extractEntry examples/ex04_worker.js
400 silly gunzTarPerm modified mode [ 'examples/ex04_worker.js', 420, 438 ]
401 silly gunzTarPerm extractEntry examples/quickIntro_fiveThreads.js
402 silly gunzTarPerm modified mode [ 'examples/quickIntro_fiveThreads.js', 420, 438 ]
403 silly gunzTarPerm extractEntry examples/ex05_pool.js
404 silly gunzTarPerm modified mode [ 'examples/ex05_pool.js', 420, 438 ]
405 silly gunzTarPerm extractEntry examples/quickIntro_evented_childThreadCode.js
406 silly gunzTarPerm modified mode [ 'examples/quickIntro_evented_childThreadCode.js', 420, 438 ]
407 silly gunzTarPerm extractEntry examples/ex01_basic.js
408 silly gunzTarPerm modified mode [ 'examples/ex01_basic.js', 420, 438 ]
409 silly gunzTarPerm extractEntry examples/ex02_events.js
410 silly gunzTarPerm modified mode [ 'examples/ex02_events.js', 420, 438 ]
411 silly gunzTarPerm extractEntry examples/ex06_jason.js
412 silly gunzTarPerm modified mode [ 'examples/ex06_jason.js', 420, 438 ]
413 silly gunzTarPerm extractEntry examples/quickIntro_oneThread.js
414 silly gunzTarPerm modified mode [ 'examples/quickIntro_oneThread.js', 420, 438 ]
415 silly gunzTarPerm extractEntry examples/quickIntro_blocking.js
416 silly gunzTarPerm modified mode [ 'examples/quickIntro_blocking.js', 420, 438 ]
417 silly gunzTarPerm extractEntry examples/quickIntro_loop.js
418 silly gunzTarPerm modified mode [ 'examples/quickIntro_loop.js', 420, 438 ]
419 silly gunzTarPerm extractEntry examples/quickIntro_oneThreadEvented.js
420 silly gunzTarPerm modified mode [ 'examples/quickIntro_oneThreadEvented.js', 420, 438 ]
421 silly gunzTarPerm extractEntry examples/ex06_complex.js
422 silly gunzTarPerm modified mode [ 'examples/ex06_complex.js', 420, 438 ]
423 silly gunzTarPerm extractEntry examples/fiveThreads.ls
424 silly gunzTarPerm modified mode [ 'examples/fiveThreads.ls', 493, 511 ]
425 silly gunzTarPerm extractEntry examples/multiThreadEvented.ls
426 silly gunzTarPerm modified mode [ 'examples/multiThreadEvented.ls', 493, 511 ]
427 silly gunzTarPerm extractEntry examples/ex06_jason.md
428 silly gunzTarPerm modified mode [ 'examples/ex06_jason.md', 420, 438 ]
429 silly gunzTarPerm extractEntry examples/ex05_pool.md
430 silly gunzTarPerm modified mode [ 'examples/ex05_pool.md', 420, 438 ]
431 silly gunzTarPerm extractEntry examples/ex04_worker.md
432 silly gunzTarPerm modified mode [ 'examples/ex04_worker.md', 420, 438 ]
433 silly gunzTarPerm extractEntry examples/ex04_main.md
434 silly gunzTarPerm modified mode [ 'examples/ex04_main.md', 420, 438 ]
435 silly gunzTarPerm extractEntry examples/ex03_ping_pong.md
436 silly gunzTarPerm modified mode [ 'examples/ex03_ping_pong.md', 420, 438 ]
437 silly gunzTarPerm extractEntry examples/ex02_events.md
438 silly gunzTarPerm modified mode [ 'examples/ex02_events.md', 420, 438 ]
439 silly gunzTarPerm extractEntry examples/ex01_basic.md
440 silly gunzTarPerm modified mode [ 'examples/ex01_basic.md', 420, 438 ]
441 silly gunzTarPerm extractEntry AUTHORS
442 silly gunzTarPerm modified mode [ 'AUTHORS', 420, 438 ]
443 silly gunzTarPerm extractEntry test.ls
444 silly gunzTarPerm modified mode [ 'test.ls', 493, 511 ]
445 silly gunzTarPerm extractEntry CHANGES.md
446 silly gunzTarPerm modified mode [ 'CHANGES.md', 436, 438 ]
447 silly gunzTarPerm extractEntry package.ls
448 silly gunzTarPerm modified mode [ 'package.ls', 509, 511 ]
449 silly gentlyRm G:\Master2\ELIM\Server\node_modules\.staging\nan-8ffbad7d\node_modules is being purged
450 verbose gentlyRm don't care about contents; nuking G:\Master2\ELIM\Server\node_modules\.staging\nan-8ffbad7d\node_modules
451 silly gunzTarPerm extractEntry src/load.js
452 silly gunzTarPerm modified mode [ 'src/load.js', 436, 438 ]
453 silly gunzTarPerm extractEntry src/createPool.js
454 silly gunzTarPerm modified mode [ 'src/createPool.js', 436, 438 ]
455 silly gunzTarPerm extractEntry src/events.js
456 silly gunzTarPerm modified mode [ 'src/events.js', 436, 438 ]
457 silly gunzTarPerm extractEntry src/thread_nextTick.js
458 silly gunzTarPerm modified mode [ 'src/thread_nextTick.js', 436, 438 ]
459 silly gunzTarPerm extractEntry src/worker.js
460 silly gunzTarPerm modified mode [ 'src/worker.js', 436, 438 ]
461 silly gunzTarPerm extractEntry src/createPool.js.c
462 silly gunzTarPerm modified mode [ 'src/createPool.js.c', 420, 438 ]
463 silly gunzTarPerm extractEntry src/createPool.ls
464 silly gunzTarPerm modified mode [ 'src/createPool.ls', 420, 438 ]
465 silly gunzTarPerm extractEntry src/bson.cc
466 silly gunzTarPerm modified mode [ 'src/bson.cc', 436, 438 ]
467 silly gunzTarPerm extractEntry src/events.js.c
468 silly gunzTarPerm modified mode [ 'src/events.js.c', 420, 438 ]
469 silly gunzTarPerm extractEntry src/events.ls
470 silly gunzTarPerm modified mode [ 'src/events.ls', 420, 438 ]
471 silly gunzTarPerm extractEntry src/jslib.cc
472 silly gunzTarPerm modified mode [ 'src/jslib.cc', 436, 438 ]
473 silly gunzTarPerm extractEntry src/WebWorkerThreads.cc
474 silly gunzTarPerm modified mode [ 'src/WebWorkerThreads.cc', 436, 438 ]
475 silly gunzTarPerm extractEntry src/load.js.c
476 silly gunzTarPerm modified mode [ 'src/load.js.c', 436, 438 ]
477 silly gunzTarPerm extractEntry src/load.ls
478 silly gunzTarPerm modified mode [ 'src/load.ls', 420, 438 ]
479 silly gunzTarPerm extractEntry src/nan_isolate_data_accessor.h
480 silly gunzTarPerm modified mode [ 'src/nan_isolate_data_accessor.h', 420, 438 ]
481 silly gunzTarPerm extractEntry src/queues_a_gogo.cc
482 silly gunzTarPerm modified mode [ 'src/queues_a_gogo.cc', 420, 438 ]
483 silly gunzTarPerm extractEntry src/bson.h
484 silly gunzTarPerm modified mode [ 'src/bson.h', 420, 438 ]
485 silly gunzTarPerm extractEntry src/thread_nextTick.js.c
486 silly gunzTarPerm modified mode [ 'src/thread_nextTick.js.c', 420, 438 ]
487 silly gunzTarPerm extractEntry src/thread_nextTick.ls
488 silly gunzTarPerm modified mode [ 'src/thread_nextTick.ls', 420, 438 ]
489 silly gunzTarPerm extractEntry src/ArrayBufferAllocator.h
490 silly gunzTarPerm modified mode [ 'src/ArrayBufferAllocator.h', 420, 438 ]
491 silly gunzTarPerm extractEntry src/worker.js.c
492 silly gunzTarPerm modified mode [ 'src/worker.js.c', 436, 438 ]
493 silly gunzTarPerm extractEntry src/worker.ls
494 silly gunzTarPerm modified mode [ 'src/worker.ls', 420, 438 ]
495 silly gunzTarPerm extractEntry test/ab.js
496 silly gunzTarPerm modified mode [ 'test/ab.js', 420, 438 ]
497 silly gunzTarPerm extractEntry test/test11_multi_callbacks.js
498 silly gunzTarPerm modified mode [ 'test/test11_multi_callbacks.js', 420, 438 ]
499 silly gunzTarPerm extractEntry test/test12_precompiled_vs_normal.js
500 silly gunzTarPerm modified mode [ 'test/test12_precompiled_vs_normal.js', 420, 438 ]
501 silly gunzTarPerm extractEntry test/test13_thread_nextTick_speed.js
502 silly gunzTarPerm modified mode [ 'test/test13_thread_nextTick_speed.js', 420, 438 ]
503 silly gunzTarPerm extractEntry test/test10_node_nextTick_speed.js
504 silly gunzTarPerm modified mode [ 'test/test10_node_nextTick_speed.js', 420, 438 ]
505 silly gunzTarPerm extractEntry test/test15_emit_ping_pong.js
506 silly gunzTarPerm modified mode [ 'test/test15_emit_ping_pong.js', 420, 438 ]
507 silly gunzTarPerm extractEntry test/test16_syntax_error_in_the_thread.js
508 silly gunzTarPerm modified mode [ 'test/test16_syntax_error_in_the_thread.js', 420, 438 ]
509 silly gunzTarPerm extractEntry test/test17_pool_pi.js
510 silly gunzTarPerm modified mode [ 'test/test17_pool_pi.js', 420, 438 ]
511 silly gunzTarPerm extractEntry test/test18_pool_any_as_fast_as_possible.js
512 silly gunzTarPerm modified mode [ 'test/test18_pool_any_as_fast_as_possible.js', 420, 438 ]
513 silly gunzTarPerm extractEntry test/test19_pool_emit_any_all.js
514 silly gunzTarPerm modified mode [ 'test/test19_pool_emit_any_all.js', 420, 438 ]
515 silly gunzTarPerm extractEntry test/test09_throw_from_the_callback.js
516 silly gunzTarPerm modified mode [ 'test/test09_throw_from_the_callback.js', 420, 438 ]
517 silly gunzTarPerm extractEntry test/test20_removeAllListeners.js
518 silly gunzTarPerm modified mode [ 'test/test20_removeAllListeners.js', 420, 438 ]
519 silly gunzTarPerm extractEntry test/test08_sigkill_leaks.js
520 silly gunzTarPerm modified mode [ 'test/test08_sigkill_leaks.js', 420, 438 ]
521 silly gunzTarPerm extractEntry test/test21_emit_ping_pong_big_string.js
522 silly gunzTarPerm modified mode [ 'test/test21_emit_ping_pong_big_string.js', 420, 438 ]
523 silly gunzTarPerm extractEntry test/test07_sigkill.js
524 silly gunzTarPerm modified mode [ 'test/test07_sigkill.js', 420, 438 ]
525 silly gunzTarPerm extractEntry test/test22_create_destroy_loop.js
526 silly gunzTarPerm modified mode [ 'test/test22_create_destroy_loop.js', 420, 438 ]
527 silly gunzTarPerm extractEntry test/test06_throw_from_the_thread.js
528 silly gunzTarPerm modified mode [ 'test/test06_throw_from_the_thread.js', 420, 438 ]
529 silly gunzTarPerm extractEntry test/test23_create_destroy_loop.js
530 silly gunzTarPerm modified mode [ 'test/test23_create_destroy_loop.js', 420, 438 ]
531 silly gunzTarPerm extractEntry test/test05_debugLeaksNoCallbacks.js
532 silly gunzTarPerm modified mode [ 'test/test05_debugLeaksNoCallbacks.js', 420, 438 ]
533 silly gunzTarPerm extractEntry test/test24_puts.js
534 silly gunzTarPerm modified mode [ 'test/test24_puts.js', 420, 438 ]
535 silly gunzTarPerm extractEntry test/test04_gc_versus_not_gc.js
536 silly gunzTarPerm modified mode [ 'test/test04_gc_versus_not_gc.js', 420, 438 ]
537 silly gunzTarPerm extractEntry test/test25_delete_puts.js
538 silly gunzTarPerm modified mode [ 'test/test25_delete_puts.js', 420, 438 ]
539 silly gunzTarPerm extractEntry test/test03_infiniteLoopFunction.js
540 silly gunzTarPerm modified mode [ 'test/test03_infiniteLoopFunction.js', 420, 438 ]
541 silly gunzTarPerm extractEntry test/test26_puts_with_many_args.js
542 silly gunzTarPerm modified mode [ 'test/test26_puts_with_many_args.js', 420, 438 ]
543 silly gunzTarPerm extractEntry test/test02_loop_as_fast_as_possible.js
544 silly gunzTarPerm modified mode [ 'test/test02_loop_as_fast_as_possible.js', 420, 438 ]
545 silly gunzTarPerm extractEntry test/test27_puts_event_loop.js
546 silly gunzTarPerm modified mode [ 'test/test27_puts_event_loop.js', 420, 438 ]
547 silly gunzTarPerm extractEntry test/test01_loop_as_fast_as_possible.js
548 silly gunzTarPerm modified mode [ 'test/test01_loop_as_fast_as_possible.js', 420, 438 ]
549 silly gunzTarPerm extractEntry test/test28_puts_nextTick_loop.js
550 silly gunzTarPerm modified mode [ 'test/test28_puts_nextTick_loop.js', 420, 438 ]
551 silly gunzTarPerm extractEntry test/test00_run_once_and_destroy.js
552 silly gunzTarPerm modified mode [ 'test/test00_run_once_and_destroy.js', 436, 438 ]
553 silly gunzTarPerm extractEntry test/test29_puts_callback_loop.js
554 silly gunzTarPerm modified mode [ 'test/test29_puts_callback_loop.js', 420, 438 ]
555 silly gunzTarPerm extractEntry test/test14_emit_once.js
556 silly gunzTarPerm modified mode [ 'test/test14_emit_once.js', 420, 438 ]
557 silly gunzTarPerm extractEntry .editorconfig
558 silly gunzTarPerm modified mode [ '.editorconfig', 420, 438 ]
559 silly gunzTarPerm extractEntry .travis.yml
560 silly gunzTarPerm modified mode [ '.travis.yml', 436, 438 ]
561 silly gunzTarPerm extractEntry yarn.lock
562 silly gunzTarPerm modified mode [ 'yarn.lock', 436, 438 ]
563 silly gentlyRm G:\Master2\ELIM\Server\node_modules\.staging\webworker-threads-63b986b2\node_modules is being purged
564 verbose gentlyRm don't care about contents; nuking G:\Master2\ELIM\Server\node_modules\.staging\webworker-threads-63b986b2\node_modules
565 silly doParallel preinstall 3
566 silly preinstall bindings@1.2.1 G:\Master2\ELIM\Server\node_modules\.staging\bindings-6c5a73a8
567 info lifecycle bindings@1.2.1~preinstall: bindings@1.2.1
568 silly preinstall nan@2.5.1 G:\Master2\ELIM\Server\node_modules\.staging\nan-8ffbad7d
569 info lifecycle nan@2.5.1~preinstall: nan@2.5.1
570 silly preinstall webworker-threads@0.7.11 G:\Master2\ELIM\Server\node_modules\.staging\webworker-threads-63b986b2
571 info lifecycle webworker-threads@0.7.11~preinstall: webworker-threads@0.7.11
572 silly lifecycle bindings@1.2.1~preinstall: no script for preinstall, continuing
573 silly lifecycle nan@2.5.1~preinstall: no script for preinstall, continuing
574 silly lifecycle webworker-threads@0.7.11~preinstall: no script for preinstall, continuing
575 silly doReverseSerial remove 0
576 silly doSerial move 0
577 silly doSerial finalize 3
578 silly finalize G:\Master2\ELIM\Server\node_modules\bindings
579 silly finalize G:\Master2\ELIM\Server\node_modules\nan
580 silly finalize G:\Master2\ELIM\Server\node_modules\webworker-threads
581 silly doSerial build 3
582 silly build bindings@1.2.1
583 info linkStuff bindings@1.2.1
584 silly linkStuff bindings@1.2.1 has G:\Master2\ELIM\Server\node_modules as its parent node_modules
585 verbose linkBins bindings@1.2.1
586 verbose linkMans bindings@1.2.1
587 silly build nan@2.5.1
588 info linkStuff nan@2.5.1
589 silly linkStuff nan@2.5.1 has G:\Master2\ELIM\Server\node_modules as its parent node_modules
590 verbose linkBins nan@2.5.1
591 verbose linkMans nan@2.5.1
592 silly build webworker-threads@0.7.11
593 info linkStuff webworker-threads@0.7.11
594 silly linkStuff webworker-threads@0.7.11 has G:\Master2\ELIM\Server\node_modules as its parent node_modules
595 verbose linkBins webworker-threads@0.7.11
596 verbose linkMans webworker-threads@0.7.11
597 silly doSerial global-link 0
598 silly doParallel update-linked 0
599 silly doSerial install 3
600 silly install bindings@1.2.1 G:\Master2\ELIM\Server\node_modules\.staging\bindings-6c5a73a8
601 info lifecycle bindings@1.2.1~install: bindings@1.2.1
602 silly lifecycle bindings@1.2.1~install: no script for install, continuing
603 silly install nan@2.5.1 G:\Master2\ELIM\Server\node_modules\.staging\nan-8ffbad7d
604 info lifecycle nan@2.5.1~install: nan@2.5.1
605 silly lifecycle nan@2.5.1~install: no script for install, continuing
606 silly install webworker-threads@0.7.11 G:\Master2\ELIM\Server\node_modules\.staging\webworker-threads-63b986b2
607 info lifecycle webworker-threads@0.7.11~install: webworker-threads@0.7.11
608 verbose lifecycle webworker-threads@0.7.11~install: unsafe-perm in lifecycle true
609 verbose lifecycle webworker-threads@0.7.11~install: PATH: C:\Program Files\nodejs\node_modules\npm\bin\node-gyp-bin;G:\Master2\ELIM\Server\node_modules\webworker-threads\node_modules\.bin;G:\Master2\ELIM\Server\node_modules\.bin;C:\WINDOWS\system32;C:\WINDOWS;C:\WINDOWS\System32\Wbem;C:\WINDOWS\System32\WindowsPowerShell\v1.0\;C:\WINDOWS\system;C:\Program Files (x86)\Brackets\command;C:\WINDOWS\system32\config\systemprofile\.dnx\bin;C:\Program Files\Microsoft DNX\Dnvm\;C:\Program Files (x86)\Windows Kits\8.1\Windows Performance Toolkit\;C:\Program Files\Microsoft SQL Server\130\Tools\Binn\;C:\Program Files (x86)\Microsoft Emulator Manager\1.0\;C:\Program Files\Git\cmd;C:\Program Files\nodejs\;C:\Users\user\AppData\Local\Microsoft\WindowsApps;C:\Program Files (x86)\Java\jdk1.7.0_55\bin;C:\chilkat-9.5.0-jdk8-win32\chilkat.dll;C:\Users\user\AppData\Roaming\npm
610 verbose lifecycle webworker-threads@0.7.11~install: CWD: G:\Master2\ELIM\Server\node_modules\webworker-threads
611 silly lifecycle webworker-threads@0.7.11~install: Args: [ '/d /s /c', 'node-gyp rebuild' ]
612 silly lifecycle webworker-threads@0.7.11~install: Returned: code: 1  signal: null
613 info lifecycle webworker-threads@0.7.11~install: Failed to exec install script
614 verbose unlock done using C:\Users\user\AppData\Roaming\npm-cache\_locks\staging-79b63674d3d32439.lock for G:\Master2\ELIM\Server\node_modules\.staging
615 silly rollbackFailedOptional Starting
616 silly rollbackFailedOptional Finishing
617 silly runTopLevelLifecycles Finishing
618 silly install printInstalled
619 warn server@1.0.0 No repository field.
620 verbose If you need help, you may report this error at:
620 verbose     <https://github.com/npm/npm/issues>
621 verbose stack Error: webworker-threads@0.7.11 install: `node-gyp rebuild`
621 verbose stack Exit status 1
621 verbose stack     at EventEmitter.<anonymous> (C:\Program Files\nodejs\node_modules\npm\lib\utils\lifecycle.js:255:16)
621 verbose stack     at emitTwo (events.js:106:13)
621 verbose stack     at EventEmitter.emit (events.js:191:7)
621 verbose stack     at ChildProcess.<anonymous> (C:\Program Files\nodejs\node_modules\npm\lib\utils\spawn.js:40:14)
621 verbose stack     at emitTwo (events.js:106:13)
621 verbose stack     at ChildProcess.emit (events.js:191:7)
621 verbose stack     at maybeClose (internal/child_process.js:877:16)
621 verbose stack     at Process.ChildProcess._handle.onexit (internal/child_process.js:226:5)
622 verbose pkgid webworker-threads@0.7.11
623 verbose cwd G:\Master2\ELIM\Server
624 error Windows_NT 10.0.14393
625 error argv "C:\\Program Files\\nodejs\\node.exe" "C:\\Program Files\\nodejs\\node_modules\\npm\\bin\\npm-cli.js" "install" "webworker-threads"
626 error node v6.9.4
627 error npm  v3.10.10
628 error code ELIFECYCLE
629 error webworker-threads@0.7.11 install: `node-gyp rebuild`
629 error Exit status 1
630 error Failed at the webworker-threads@0.7.11 install script 'node-gyp rebuild'.
630 error Make sure you have the latest version of node.js and npm installed.
630 error If you do, this is most likely a problem with the webworker-threads package,
630 error not with npm itself.
630 error Tell the author that this fails on your system:
630 error     node-gyp rebuild
630 error You can get information on how to open an issue for this project with:
630 error     npm bugs webworker-threads
630 error Or if that isn't available, you can get their info via:
630 error     npm owner ls webworker-threads
630 error There is likely additional logging output above.
631 verbose exit [ 1, true ]
